Running main() from /private/tmp/googletest-20250808-4780-aa0gxy/googletest-1.17.0/googletest/src/gtest_main.cc
[==========] Running 23 tests from 2 test suites.
[----------] Global test environment set-up.
[----------] 8 tests from Perf
[ RUN      ] Perf.DisciplineTEStats_MTIE_TDEV

=== Discipline loop: TE/MTIE/TDEV vs MONOTONIC_RAW reference ===
  TE[0] =      0.167 us
  TE[60] =      0.125 us
  TE[120] =     -0.625 us
  TE[180] =      0.000 us
  TE[240] =     -0.250 us
  TE[300] =     -0.834 us
  TE[360] =     -0.208 us
  TE[420] =     -0.375 us
  TE[480] =      0.042 us
  TE[540] =     -0.292 us
  TE[600] =     -0.250 us

-- TE stats over 60 s (raw ref) --
   mean(raw)   =     -219.2 ns
   mean(detr)  =       -0.0 ns  (target |mean(detr)| < 20000)
   slope       =   -0.672 ns/s  ( -0.001 ppm)  (target |ppm| < 2.0)
   RMS         =      307.4 ns    (target < 50000)
   P50         =       78.9 ns
   P95         =      355.6 ns   (target |P95| < 150000)
   P99         =      394.6 ns   (target |P99| < 300000)

-- MTIE (detrended) --
   MTIE( 1 s) =       2292 ns (target < 100000)
   MTIE(10 s) =       2673 ns (target < 200000)
   MTIE(30 s) =       2145 ns (target < 300000)

-- TDEV (detrended) --
   TDEV(0.1 s) =      512.3 ns (target < 20000)
   TDEV(  1 s) =      501.1 ns (target < 40000)
   TDEV( 10 s) =      521.0 ns (target < 80000)
[       OK ] Perf.DisciplineTEStats_MTIE_TDEV (62380 ms)
[ RUN      ] Perf.SettlingAndOvershoot

=== Settling & Overshoot (IMMEDIATE step +1 ms, RELATIVE TE) ===
  t= 0.00s  TE=+1000.083 us  (rel= +0.083 us)
  t= 1.10s  TE=+1000.167 us  (rel= +0.167 us)
  t= 2.00s  TE=+1000.042 us  (rel= +0.042 us)
  Settling time to |rel-TE|<=10.0 us: REACHED
    settle_time = 2.90 s (target < 20.00 s)
  Overshoot: 1291 ns  (0.1% of step; target < 30.0%)
[       OK ] Perf.SettlingAndOvershoot (3226 ms)
[ RUN      ] Perf.SlewRateClamp

=== Slew-rate command/clamp check (+200 ms) ===
  Gains: Kp=200.000 [ppm/s], Ki=8.000 [ppm/s^2], MAX=200.0 [ppm]
  Offset: 0.200 s  → ppm0=40.00, ppm_win_est=44.80, expected_target=44.80
  over 3s: extra =   +131369 ns, eff_ppm =  +42.14 (checking vs expected_target ± 15.0)
[       OK ] Perf.SlewRateClamp (3120 ms)
[ RUN      ] Perf.HoldoverDrift

=== Holdover drift (no corrections for 30s) ===
  extra = +375 ns over 30s  → drift rate =   +0.01 ppm (target |ppm| < 100.0)
[       OK ] Perf.HoldoverDrift (30109 ms)
[ RUN      ] Perf.FrequencyOffsetPositive

=== Frequency Offset Stability: +100.0 ppm ===
  Applied +100.0 ppm frequency offset
  Measuring stability over 10 seconds...
  Measured frequency: 100.042 ppm
  Drift from applied offset: 0.042 ppm (target < 1.0 ppm)
  ✓ Frequency offset is stable
[       OK ] Perf.FrequencyOffsetPositive (10037 ms)
[ RUN      ] Perf.FrequencyOffsetNegative

=== Frequency Offset Stability: -100.0 ppm ===
  Applied -100.0 ppm frequency offset
  Measuring stability over 10 seconds...
  Measured frequency: -100.036 ppm
  Drift from applied offset: 0.036 ppm (target < 1.0 ppm)
  ✓ Frequency offset is stable
[       OK ] Perf.FrequencyOffsetNegative (10047 ms)
[ RUN      ] Perf.MultipleStepSizes
